ToDoList/presentation/build/intermediates/manifest_merge_blame_file/debug/manifest-merger-blame-debug-report.txt
1<?xml version="1.0" encoding="utf-8"?>
2<manifest xmlns:android="http://schemas.android.com/apk/res/android"
3    package="com.arong.todolist"
4    android:versionCode="1"
5    android:versionName="1.0" >
6
7    <uses-sdk
8        android:minSdkVersion="21"
8-->src/main/AndroidManifest.xml
9        android:targetSdkVersion="32" />
9-->src/main/AndroidManifest.xml
10
11    <application
11-->src/main/AndroidManifest.xml:5:5-24:19
12        android:allowBackup="true"
12-->src/main/AndroidManifest.xml:6:9-35
13        android:appComponentFactory="androidx.core.app.CoreComponentFactory"
13-->[androidx.core:core:1.7.0] AndroidManifest.xml:24:18-86
14        android:debuggable="true"
15        android:icon="@mipmap/ic_launcher"
15-->src/main/AndroidManifest.xml:7:9-43
16        android:label="@string/app_name"
16-->src/main/AndroidManifest.xml:8:9-41
17        android:roundIcon="@mipmap/ic_launcher_round"
17-->src/main/AndroidManifest.xml:9:9-54
18        android:supportsRtl="true"
18-->src/main/AndroidManifest.xml:10:9-35
19        android:testOnly="true"
20        android:theme="@style/Theme.ToDoList" >
20-->src/main/AndroidManifest.xml:11:9-46
21        <activity
21-->src/main/AndroidManifest.xml:12:9-20:20
22            android:name="com.arong.todolist.MainActivity"
22-->src/main/AndroidManifest.xml:13:13-41
23            android:exported="true" >
23-->src/main/AndroidManifest.xml:14:13-36
24            <intent-filter>
24-->src/main/AndroidManifest.xml:15:13-19:29
25                <action android:name="android.intent.action.MAIN" />
25-->src/main/AndroidManifest.xml:16:17-69
25-->src/main/AndroidManifest.xml:16:25-66
26
27                <category android:name="android.intent.category.LAUNCHER" />
27-->src/main/AndroidManifest.xml:18:17-77
27-->src/main/AndroidManifest.xml:18:27-74
28            </intent-filter>
29        </activity>
30        <activity
30-->src/main/AndroidManifest.xml:21:9-23:38
31            android:name="com.arong.todolist.TodoListActivity"
31-->src/main/AndroidManifest.xml:22:13-45
32            android:exported="true" />
32-->src/main/AndroidManifest.xml:23:13-36
33
34        <service
34-->[androidx.room:room-runtime:2.3.0] AndroidManifest.xml:25:9-28:40
35            android:name="androidx.room.MultiInstanceInvalidationService"
35-->[androidx.room:room-runtime:2.3.0] AndroidManifest.xml:26:13-74
36            android:directBootAware="true"
36-->[androidx.room:room-runtime:2.3.0] AndroidManifest.xml:27:13-43
37            android:exported="false" />
37-->[androidx.room:room-runtime:2.3.0] AndroidManifest.xml:28:13-37
38    </application>
39
40</manifest>